<?xml version="1.0" encoding="UTF-8"?>
<testsuites name="Mocha Tests" time="0.013000000000000001" tests="7" failures="0">
  <testsuite name="Root Suite" timestamp="2019-09-20T09:11:56" tests="0" failures="0" time="0">
  </testsuite>
  <testsuite name="connecting to bitcoind" timestamp="2019-09-20T09:11:56" tests="6" file="/home/gcharang/gitrepos/node-komodo-rpc/test/index.js" failures="0" time="0.013000000000000001">
    <testcase name="connecting to bitcoind can&apos;t connect - timeout" time="0.006" classname="can&apos;t connect - timeout">
    </testcase>
    <testcase name="connecting to bitcoind can&apos;t connect - 401" time="0.004" classname="can&apos;t connect - 401">
    </testcase>
    <testcase name="connecting to bitcoind invalid method" time="0.001" classname="invalid method">
    </testcase>
    <testcase name="connecting to bitcoind can connect" time="0" classname="can connect">
    </testcase>
    <testcase name="connecting to bitcoind getbalance as a raw call" time="0.001" classname="getbalance as a raw call">
    </testcase>
    <testcase name="connecting to bitcoind getbalance as a raw call with params" time="0.001" classname="getbalance as a raw call with params">
    </testcase>
  </testsuite>
  <testsuite name="changing settings" timestamp="2019-09-20T09:11:56" tests="1" file="/home/gcharang/gitrepos/node-komodo-rpc/test/index.js" failures="0" time="0">
    <testcase name="changing settings can change timeout" time="0" classname="can change timeout">
    </testcase>
  </testsuite>
</testsuites>